<?xml version="1.0" encoding="UTF-8"?>
<testng-results skipped="0" failed="0" ignored="0" total="1" passed="1">
  <reporter-output>
  </reporter-output>
  <suite name="Default suite" duration-ms="29999" started-at="2020-05-21T14:54:24 IST" finished-at="2020-05-21T14:54:54 IST">
    <groups>
    </groups>
    <test name="Default test" duration-ms="29999" started-at="2020-05-21T14:54:24 IST" finished-at="2020-05-21T14:54:54 IST">
      <class name="com.actionclass.ActionClass">
        <test-method status="PASS" signature="actions()[pri:0, instance:com.actionclass.ActionClass@5ec0a365]" name="actions" duration-ms="29924" started-at="2020-05-21T14:54:24 IST" finished-at="2020-05-21T14:54:54 IST">
          <reporter-output>
          </reporter-output>
        </test-method> <!-- actions -->
      </class> <!-- com.actionclass.ActionClass -->
    </test> <!-- Default test -->
  </suite> <!-- Default suite -->
</testng-results>
